<?xml version="1.0" encoding="UTF-8"?>
<testsuite name="smgmt.RoleBasedShopManagementUserinterfaceApplicationTests" tests="1" skipped="0" failures="0" errors="0" timestamp="2019-05-05T10:50:32" hostname="uchore-a05.vmware.com" time="0.207">
  <properties/>
  <testcase name="contextLoads" classname="smgmt.RoleBasedShopManagementUserinterfaceApplicationTests" time="0.207"/>
  <system-out><![CDATA[16:20:26.565 [Test worker] DEBUG org.springframework.test.context.junit4.SpringJUnit4ClassRunner - SpringJUnit4ClassRunner constructor called with [class smgmt.RoleBasedShopManagementUserinterfaceApplicationTests]
16:20:26.575 [Test worker] DEBUG org.springframework.test.context.BootstrapUtils - Instantiating CacheAwareContextLoaderDelegate from class [org.springframework.test.context.cache.DefaultCacheAwareContextLoaderDelegate]
16:20:26.582 [Test worker] DEBUG org.springframework.test.context.BootstrapUtils - Instantiating BootstrapContext using constructor [public org.springframework.test.context.support.DefaultBootstrapContext(java.lang.Class,org.springframework.test.context.CacheAwareContextLoaderDelegate)]
16:20:26.596 [Test worker] DEBUG org.springframework.test.context.BootstrapUtils - Instantiating TestContextBootstrapper for test class [smgmt.RoleBasedShopManagementUserinterfaceApplicationTests] from class [org.springframework.boot.test.context.SpringBootTestContextBootstrapper]
16:20:26.606 [Test worker] INFO org.springframework.boot.test.context.SpringBootTestContextBootstrapper - Neither @ContextConfiguration nor @ContextHierarchy found for test class [smgmt.RoleBasedShopManagementUserinterfaceApplicationTests], using SpringBootContextLoader
16:20:26.609 [Test worker] DEBUG org.springframework.test.context.support.AbstractContextLoader - Did not detect default resource location for test class [smgmt.RoleBasedShopManagementUserinterfaceApplicationTests]: class path resource [smgmt/RoleBasedShopManagementUserinterfaceApplicationTests-context.xml] does not exist
16:20:26.610 [Test worker] DEBUG org.springframework.test.context.support.AbstractContextLoader - Did not detect default resource location for test class [smgmt.RoleBasedShopManagementUserinterfaceApplicationTests]: class path resource [smgmt/RoleBasedShopManagementUserinterfaceApplicationTestsContext.groovy] does not exist
16:20:26.610 [Test worker] INFO org.springframework.test.context.support.AbstractContextLoader - Could not detect default resource locations for test class [smgmt.RoleBasedShopManagementUserinterfaceApplicationTests]: no resource found for suffixes {-context.xml, Context.groovy}.
16:20:26.611 [Test worker] INFO org.springframework.test.context.support.AnnotationConfigContextLoaderUtils - Could not detect default configuration classes for test class [smgmt.RoleBasedShopManagementUserinterfaceApplicationTests]: RoleBasedShopManagementUserinterfaceApplicationTests does not declare any static, non-private, non-final, nested classes annotated with @Configuration.
16:20:26.656 [Test worker] DEBUG org.springframework.test.context.support.ActiveProfilesUtils - Could not find an 'annotation declaring class' for annotation type [org.springframework.test.context.ActiveProfiles] and class [smgmt.RoleBasedShopManagementUserinterfaceApplicationTests]
16:20:26.725 [Test worker] DEBUG org.springframework.context.annotation.ClassPathScanningCandidateComponentProvider - Identified candidate component class: file [/Users/uchore/Documents/workspace-sts-3.9.7.RELEASE/role-based-shop-management-userinterface/build/classes/java/main/smgmt/RoleBasedShopManagementUserinterfaceApplication.class]
16:20:26.731 [Test worker] INFO org.springframework.boot.test.context.SpringBootTestContextBootstrapper - Found @SpringBootConfiguration smgmt.RoleBasedShopManagementUserinterfaceApplication for test class smgmt.RoleBasedShopManagementUserinterfaceApplicationTests
16:20:26.827 [Test worker] DEBUG org.springframework.boot.test.context.SpringBootTestContextBootstrapper - @TestExecutionListeners is not present for class [smgmt.RoleBasedShopManagementUserinterfaceApplicationTests]: using defaults.
16:20:26.827 [Test worker] INFO org.springframework.boot.test.context.SpringBootTestContextBootstrapper - Loaded default TestExecutionListener class names from location [META-INF/spring.factories]: [org.springframework.security.test.context.support.WithSecurityContextTestExecutionListener, org.springframework.boot.test.autoconfigure.restdocs.RestDocsTestExecutionListener, org.springframework.boot.test.autoconfigure.web.client.MockRestServiceServerResetTestExecutionListener, org.springframework.boot.test.autoconfigure.web.servlet.MockMvcPrintOnlyOnFailureTestExecutionListener, org.springframework.boot.test.autoconfigure.web.servlet.WebDriverTestExecutionListener, org.springframework.boot.test.mock.mockito.MockitoTestExecutionListener, org.springframework.boot.test.mock.mockito.ResetMocksTestExecutionListener, org.springframework.test.context.web.ServletTestExecutionListener, org.springframework.test.context.support.DirtiesContextBeforeModesTestExecutionListener, org.springframework.test.context.support.DependencyInjectionTestExecutionListener, org.springframework.test.context.support.DirtiesContextTestExecutionListener, org.springframework.test.context.transaction.TransactionalTestExecutionListener, org.springframework.test.context.jdbc.SqlScriptsTestExecutionListener]
16:20:26.842 [Test worker] INFO org.springframework.boot.test.context.SpringBootTestContextBootstrapper - Using TestExecutionListeners: [org.springframework.test.context.web.ServletTestExecutionListener@a221e0c, org.springframework.test.context.support.DirtiesContextBeforeModesTestExecutionListener@78181f2f, org.springframework.boot.test.mock.mockito.MockitoTestExecutionListener@2dbff642, org.springframework.boot.test.autoconfigure.SpringBootDependencyInjectionTestExecutionListener@3018e743, org.springframework.test.context.support.DirtiesContextTestExecutionListener@2a504d32, org.springframework.test.context.transaction.TransactionalTestExecutionListener@1209de30, org.springframework.test.context.jdbc.SqlScriptsTestExecutionListener@40d637d5, org.springframework.security.test.context.support.WithSecurityContextTestExecutionListener@3703f273, org.springframework.boot.test.autoconfigure.restdocs.RestDocsTestExecutionListener@1f12107c, org.springframework.boot.test.autoconfigure.web.client.MockRestServiceServerResetTestExecutionListener@43b6b5f0, org.springframework.boot.test.autoconfigure.web.servlet.MockMvcPrintOnlyOnFailureTestExecutionListener@32af4acc, org.springframework.boot.test.autoconfigure.web.servlet.WebDriverTestExecutionListener@1a17b680, org.springframework.boot.test.mock.mockito.ResetMocksTestExecutionListener@1509d44e]
16:20:26.844 [Test worker] DEBUG org.springframework.test.annotation.ProfileValueUtils - Retrieved @ProfileValueSourceConfiguration [null] for test class [smgmt.RoleBasedShopManagementUserinterfaceApplicationTests]
16:20:26.845 [Test worker] DEBUG org.springframework.test.annotation.ProfileValueUtils - Retrieved ProfileValueSource type [class org.springframework.test.annotation.SystemProfileValueSource] for class [smgmt.RoleBasedShopManagementUserinterfaceApplicationTests]
16:20:26.845 [Test worker] DEBUG org.springframework.test.annotation.ProfileValueUtils - Retrieved @ProfileValueSourceConfiguration [null] for test class [smgmt.RoleBasedShopManagementUserinterfaceApplicationTests]
16:20:26.845 [Test worker] DEBUG org.springframework.test.annotation.ProfileValueUtils - Retrieved ProfileValueSource type [class org.springframework.test.annotation.SystemProfileValueSource] for class [smgmt.RoleBasedShopManagementUserinterfaceApplicationTests]
16:20:26.849 [Test worker] DEBUG org.springframework.test.context.support.AbstractDirtiesContextTestExecutionListener - Before test class: context [DefaultTestContext@780c9a95 testClass = RoleBasedShopManagementUserinterfaceApplicationTests, testInstance = [null], testMethod = [null], testException = [null], mergedContextConfiguration = [WebMergedContextConfiguration@16921b0a testClass = RoleBasedShopManagementUserinterfaceApplicationTests, locations = '{}', classes = '{class smgmt.RoleBasedShopManagementUserinterfaceApplication}', contextInitializerClasses = '[]', activeProfiles = '{}', propertySourceLocations = '{}', propertySourceProperties = '{org.springframework.boot.test.context.SpringBootTestContextBootstrapper=true}', contextCustomizers = set[org.springframework.boot.test.autoconfigure.properties.PropertyMappingContextCustomizer@0, org.springframework.boot.test.autoconfigure.web.servlet.WebDriverContextCustomizerFactory$Customizer@f820c94, org.springframework.boot.test.context.filter.ExcludeFilterContextCustomizer@f7ba1d3, org.springframework.boot.test.json.DuplicateJsonObjectContextCustomizerFactory$DuplicateJsonObjectContextCustomizer@48c84169, org.springframework.boot.test.mock.mockito.MockitoContextCustomizer@0, org.springframework.boot.test.web.client.TestRestTemplateContextCustomizer@3357335b], resourceBasePath = 'src/main/webapp', contextLoader = 'org.springframework.boot.test.context.SpringBootContextLoader', parent = [null]], attributes = map['org.springframework.test.context.web.ServletTestExecutionListener.activateListener' -> true]], class annotated with @DirtiesContext [false] with mode [null].
16:20:26.850 [Test worker] DEBUG org.springframework.test.annotation.ProfileValueUtils - Retrieved @ProfileValueSourceConfiguration [null] for test class [smgmt.RoleBasedShopManagementUserinterfaceApplicationTests]
16:20:26.850 [Test worker] DEBUG org.springframework.test.annotation.ProfileValueUtils - Retrieved ProfileValueSource type [class org.springframework.test.annotation.SystemProfileValueSource] for class [smgmt.RoleBasedShopManagementUserinterfaceApplicationTests]
16:20:26.868 [Test worker] DEBUG org.springframework.test.context.support.TestPropertySourceUtils - Adding inlined properties to environment: {spring.jmx.enabled=false, org.springframework.boot.test.context.SpringBootTestContextBootstrapper=true, server.port=-1}
2019-05-05 16:20:27.443  INFO 58897 --- [    Test worker] trationDelegate$BeanPostProcessorChecker : Bean 'org.springframework.cloud.autoconfigure.ConfigurationPropertiesRebinderAutoConfiguration' of type [org.springframework.cloud.autoconfigure.ConfigurationPropertiesRebinderAutoConfiguration$$EnhancerBySpringCGLIB$$2f7d48e7] is not eligible for getting processed by all BeanPostProcessors (for example: not eligible for auto-proxying)

  .   ____          _            __ _ _
 /\\ / ___'_ __ _ _(_)_ __  __ _ \ \ \ \
( ( )\___ | '_ | '_| | '_ \/ _` | \ \ \ \
 \\/  ___)| |_)| | | | | || (_| |  ) ) ) )
  '  |____| .__|_| |_|_| |_\__, | / / / /
 =========|_|==============|___/=/_/_/_/
 :: Spring Boot ::        (v2.1.4.RELEASE)

2019-05-05 16:20:27.744  INFO 58897 --- [    Test worker] pManagementUserinterfaceApplicationTests : No active profile set, falling back to default profiles: default
2019-05-05 16:20:28.608  WARN 58897 --- [    Test worker] o.s.boot.actuate.endpoint.EndpointId     : Endpoint ID 'service-registry' contains invalid characters, please migrate to a valid format.
2019-05-05 16:20:28.876  INFO 58897 --- [    Test worker] o.s.cloud.context.scope.GenericScope     : BeanFactory id=f095289f-4caa-3d88-9596-b8eb1e3f9d20
2019-05-05 16:20:29.019  INFO 58897 --- [    Test worker] trationDelegate$BeanPostProcessorChecker : Bean 'org.springframework.transaction.annotation.ProxyTransactionManagementConfiguration' of type [org.springframework.transaction.annotation.ProxyTransactionManagementConfiguration$$EnhancerBySpringCGLIB$$136345ea] is not eligible for getting processed by all BeanPostProcessors (for example: not eligible for auto-proxying)
2019-05-05 16:20:29.049  INFO 58897 --- [    Test worker] trationDelegate$BeanPostProcessorChecker : Bean 'org.springframework.cloud.autoconfigure.ConfigurationPropertiesRebinderAutoConfiguration' of type [org.springframework.cloud.autoconfigure.ConfigurationPropertiesRebinderAutoConfiguration$$EnhancerBySpringCGLIB$$2f7d48e7] is not eligible for getting processed by all BeanPostProcessors (for example: not eligible for auto-proxying)
2019-05-05 16:20:29.353  WARN 58897 --- [    Test worker] c.n.c.sources.URLConfigurationSource     : No URLs will be polled as dynamic configuration sources.
2019-05-05 16:20:29.353  INFO 58897 --- [    Test worker] c.n.c.sources.URLConfigurationSource     : To enable URLs as dynamic configuration sources, define System property archaius.configurationSource.additionalUrls or make config.properties available on classpath.
2019-05-05 16:20:29.366  INFO 58897 --- [    Test worker] c.netflix.config.DynamicPropertyFactory  : DynamicPropertyFactory is initialized with configuration sources: com.netflix.config.ConcurrentCompositeConfiguration@3388b586
2019-05-05 16:20:29.538  INFO 58897 --- [    Test worker] org.hibernate.Version                    : HHH000412: Hibernate Core {5.4.2.Final}
2019-05-05 16:20:29.660  INFO 58897 --- [    Test worker] o.hibernate.annotations.common.Version   : HCANN000001: Hibernate Commons Annotations {5.1.0.Final}
2019-05-05 16:20:29.829  INFO 58897 --- [    Test worker] org.hibernate.dialect.Dialect            : HHH000400: Using dialect: org.hibernate.dialect.PostgreSQLDialect
2019-05-05 16:20:30.176  INFO 58897 --- [    Test worker] o.h.e.t.j.p.i.JtaPlatformInitiator       : HHH000490: Using JtaPlatform implementation: [org.hibernate.engine.transaction.jta.platform.internal.NoJtaPlatform]
2019-05-05 16:20:30.223  WARN 58897 --- [    Test worker] aWebConfiguration$JpaWebMvcConfiguration : spring.jpa.open-in-view is enabled by default. Therefore, database queries may be performed during view rendering. Explicitly configure spring.jpa.open-in-view to disable this warning
2019-05-05 16:20:30.575  INFO 58897 --- [    Test worker] o.s.s.web.DefaultSecurityFilterChain     : Creating filter chain: any request, [org.springframework.security.web.context.request.async.WebAsyncManagerIntegrationFilter@6e7921e5, org.springframework.security.web.context.SecurityContextPersistenceFilter@7e893bad, org.springframework.security.web.header.HeaderWriterFilter@60c157e6, org.springframework.security.web.authentication.logout.LogoutFilter@10d17120, org.springframework.security.web.authentication.UsernamePasswordAuthenticationFilter@68d12d20, org.springframework.security.web.savedrequest.RequestCacheAwareFilter@57c8db24, org.springframework.security.web.servletapi.SecurityContextHolderAwareRequestFilter@23cfa884, org.springframework.security.web.authentication.AnonymousAuthenticationFilter@de4cd5e, org.springframework.security.web.session.SessionManagementFilter@5fadd801, org.springframework.security.web.access.ExceptionTranslationFilter@70e49dc1, org.springframework.security.web.access.intercept.FilterSecurityInterceptor@1f5353ab]
2019-05-05 16:20:30.785  WARN 58897 --- [    Test worker] c.n.c.sources.URLConfigurationSource     : No URLs will be polled as dynamic configuration sources.
2019-05-05 16:20:30.785  INFO 58897 --- [    Test worker] c.n.c.sources.URLConfigurationSource     : To enable URLs as dynamic configuration sources, define System property archaius.configurationSource.additionalUrls or make config.properties available on classpath.
2019-05-05 16:20:31.747  INFO 58897 --- [    Test worker] o.s.b.a.e.web.EndpointLinksResolver      : Exposing 2 endpoint(s) beneath base path '/actuator'
2019-05-05 16:20:32.079  INFO 58897 --- [    Test worker] pManagementUserinterfaceApplicationTests : Started RoleBasedShopManagementUserinterfaceApplicationTests in 5.201 seconds (JVM running for 6.144)
]]></system-out>
  <system-err><![CDATA[]]></system-err>
</testsuite>
